<?xml version="1.0" encoding="UTF-8"?>
<testsuite xmlns:xsi="http://www.w3.org/2001/XMLSchema-instance" xsi:noNamespaceSchemaLocation="https://maven.apache.org/surefire/maven-surefire-plugin/xsd/surefire-test-report.xsd" name="junit5_test.test_pkg.SampleTestClass1" time="16.513" tests="3" errors="2" skipped="0" failures="1">
  <properties>
[...]
</properties>
  <testcase name="test2" classname="junit5_test.test_pkg.SampleTestClass1" time="0.065">
    <failure message="Fail Msg" type="org.opentest4j.AssertionFailedError">org.opentest4j.AssertionFailedError: Fail Msg
	at junit5_test.test_pkg.SampleTestClass1.test2(SampleTestClass1.java:85)
</failure>
  </testcase>
  <testcase name="test3" classname="junit5_test.test_pkg.SampleTestClass1" time="0.021">
    <error message="Hello there" type="java.lang.RuntimeException">java.lang.RuntimeException: Hello there
	at junit5_test.test_pkg.SampleTestClass1.test3(SampleTestClass1.java:97)
</error>
    <system-out><![CDATA[
start: base_before_each1
testInfo.getDisplayName() = '@DisplayName' of method3
testInfo.getTags() = [method_tag3, tag_for_all, class_tag1, class_tag2]
end: base_before_each1


start: base_before_each2
testInfo.getDisplayName() = '@DisplayName' of method3
testInfo.getTags() = [method_tag3, tag_for_all, class_tag1, class_tag2]
end: base_before_each2


I am sample test3
I am going to fail with custom error
Look!

start: after_test_callback
context.getTags() = [method_tag3, tag_for_all, class_tag1, class_tag2]
context.getUniqueId() = [engine:junit-jupiter]/[class:junit5_test.test_pkg.SampleTestClass1]/[method:test3()]
context.getDisplayName() = '@DisplayName' of method3
context.getExecutionException() = Optional[java.lang.RuntimeException: Hello there]
isFailed = true
end: after_test_callback


start: base_after_each2
testInfo.getDisplayName() = '@DisplayName' of method3
testInfo.getTags() = [method_tag3, tag_for_all, class_tag1, class_tag2]
end: base_after_each2


start: base_after_each1
testInfo.getDisplayName() = '@DisplayName' of method3
testInfo.getTags() = [method_tag3, tag_for_all, class_tag1, class_tag2]
end: base_after_each1

]]></system-out>
  </testcase>
  <testcase name="test4" classname="junit5_test.test_pkg.SampleTestClass1" time="0.008">
    <error message="NPE, MOTHER FUCKER!" type="java.lang.NullPointerException">java.lang.NullPointerException: NPE, MOTHER FUCKER!
	at junit5_test.test_pkg.SampleTestClass1.test4(SampleTestClass1.java:108)
</error>
    <system-out><![CDATA[
start: base_before_each1
testInfo.getDisplayName() = '@DisplayName' of method4
testInfo.getTags() = [method_tag4, tag_for_all, class_tag1, class_tag2]
end: base_before_each1


start: base_before_each2
testInfo.getDisplayName() = '@DisplayName' of method4
testInfo.getTags() = [method_tag4, tag_for_all, class_tag1, class_tag2]
end: base_before_each2


I am sample test4
I am going to fail with custom error
Look!

start: after_test_callback
context.getTags() = [method_tag4, tag_for_all, class_tag1, class_tag2]
context.getUniqueId() = [engine:junit-jupiter]/[class:junit5_test.test_pkg.SampleTestClass1]/[method:test4()]
context.getDisplayName() = '@DisplayName' of method4
context.getExecutionException() = Optional[java.lang.NullPointerException: NPE, MOTHER FUCKER!]
isFailed = true
end: after_test_callback


start: base_after_each2
testInfo.getDisplayName() = '@DisplayName' of method4
testInfo.getTags() = [method_tag4, tag_for_all, class_tag1, class_tag2]
end: base_after_each2


start: base_after_each1
testInfo.getDisplayName() = '@DisplayName' of method4
testInfo.getTags() = [method_tag4, tag_for_all, class_tag1, class_tag2]
end: base_after_each1

]]></system-out>
  </testcase>
</testsuite>